<?xml version="1.0" encoding="UTF-8"?>
<!-- Generated by org.testng.reporters.JUnitXMLReporter -->
<testsuite ignored="1" hostname="DESKTOP-GGQ6OF8" failures="0" tests="1" name="Default test" time="34.844" errors="0" timestamp="2024-08-24T12:55:37 IST">
  <testcase classname="com.SwagLabs.Testlayer.Addtocarttest" name="validateaddtocartfunctionalitywithpricelowtohigh" time="30.865"/>
  <testcase classname="com.SwagLabs.Testlayer.Addtocarttest" name="validateaddtocarttest" time="0.0">
    <ignored/>
  </testcase> <!-- validateaddtocarttest -->
</testsuite> <!-- Default test -->
