<?xml version="1.0" encoding="UTF-8"?>
<!-- Generated by org.testng.reporters.JUnitXMLReporter -->
<testsuite ignored="0" hostname="DESKTOP-GGQ6OF8" failures="0" tests="2" name="swaglabstest" time="61.119" errors="0" timestamp="2024-09-29T21:15:43 IST">
  <testcase classname="com.SwagLabs.Testlayer.Addtocarttest" name="validateaddtocartfunctionalitywithpricelowtohigh" time="30.842"/>
  <testcase classname="com.SwagLabs.Testlayer.Addtocarttest" name="validateaddtocarttest" time="25.59"/>
</testsuite> <!-- swaglabstest -->
