<?xml version="1.0" encoding="UTF-8"?>
<!-- Generated by org.testng.reporters.JUnitXMLReporter -->
<testsuite ignored="0" hostname="DESKTOP-GGQ6OF8" failures="0" tests="2" name="swaglabstest" time="60.416" errors="0" timestamp="2024-08-30T21:59:18 IST">
  <testcase classname="com.SwagLabs.Testlayer.Addtocarttest" name="validateaddtocartfunctionalitywithpricelowtohigh" time="30.59"/>
  <testcase classname="com.SwagLabs.Testlayer.Addtocarttest" name="validateaddtocarttest" time="25.377"/>
</testsuite> <!-- swaglabstest -->
