<?xml version="1.0" encoding="UTF-8"?>
<testng-results ignored="0" total="4" passed="4" failed="0" skipped="0">
  <reporter-output>
  </reporter-output>
  <suite started-at="2024-08-30T21:58:05 IST" name="Suite" finished-at="2024-08-30T21:59:18 IST" duration-ms="72690">
    <groups>
    </groups>
    <test started-at="2024-08-30T21:58:05 IST" name="swaglabs" finished-at="2024-08-30T21:58:18 IST" duration-ms="12260">
      <class name="com.SwagLabs.Testlayer.LoginTest">
        <test-method is-config="true" signature="start()[pri:0, instance:com.SwagLabs.Testlayer.LoginTest@2a65fe7c]" started-at="2024-08-30T21:58:05 IST" name="start" finished-at="2024-08-30T21:58:06 IST" duration-ms="75" status="PASS">
          <reporter-output>
          </reporter-output>
        </test-method> <!-- start -->
        <test-method is-config="true" signature="setup(java.lang.String)[pri:0, instance:com.SwagLabs.Testlayer.LoginTest@2a65fe7c]" started-at="2024-08-30T21:58:06 IST" name="setup" finished-at="2024-08-30T21:58:10 IST" duration-ms="4847" status="PASS">
          <params>
            <param index="0">
              <value>
                <![CDATA[FirefoxDriver]]>
              </value>
            </param>
          </params>
          <reporter-output>
          </reporter-output>
        </test-method> <!-- setup -->
        <test-method signature="validatelogintest()[pri:0, instance:com.SwagLabs.Testlayer.LoginTest@2a65fe7c]" started-at="2024-08-30T21:58:10 IST" name="validatelogintest" finished-at="2024-08-30T21:58:11 IST" duration-ms="393" status="PASS">
          <reporter-output>
          </reporter-output>
        </test-method> <!-- validatelogintest -->
        <test-method is-config="true" signature="close()[pri:0, instance:com.SwagLabs.Testlayer.LoginTest@2a65fe7c]" started-at="2024-08-30T21:58:11 IST" name="close" finished-at="2024-08-30T21:58:12 IST" duration-ms="794" status="PASS">
          <reporter-output>
          </reporter-output>
        </test-method> <!-- close -->
        <test-method is-config="true" signature="setup(java.lang.String)[pri:0, instance:com.SwagLabs.Testlayer.LoginTest@2a65fe7c]" started-at="2024-08-30T21:58:12 IST" name="setup" finished-at="2024-08-30T21:58:17 IST" duration-ms="4996" status="PASS">
          <params>
            <param index="0">
              <value>
                <![CDATA[FirefoxDriver]]>
              </value>
            </param>
          </params>
          <reporter-output>
          </reporter-output>
        </test-method> <!-- setup -->
        <test-method signature="validatelogintestwithinvalidcredntials()[pri:0, instance:com.SwagLabs.Testlayer.LoginTest@2a65fe7c]" started-at="2024-08-30T21:58:17 IST" name="validatelogintestwithinvalidcredntials" finished-at="2024-08-30T21:58:17 IST" duration-ms="377" status="PASS">
          <reporter-output>
          </reporter-output>
        </test-method> <!-- validatelogintestwithinvalidcredntials -->
        <test-method is-config="true" signature="close()[pri:0, instance:com.SwagLabs.Testlayer.LoginTest@2a65fe7c]" started-at="2024-08-30T21:58:17 IST" name="close" finished-at="2024-08-30T21:58:18 IST" duration-ms="742" status="PASS">
          <reporter-output>
          </reporter-output>
        </test-method> <!-- close -->
        <test-method is-config="true" signature="stop()[pri:0, instance:com.SwagLabs.Testlayer.LoginTest@2a65fe7c]" started-at="2024-08-30T21:58:18 IST" name="stop" finished-at="2024-08-30T21:58:18 IST" duration-ms="0" status="PASS">
          <reporter-output>
          </reporter-output>
        </test-method> <!-- stop -->
      </class> <!-- com.SwagLabs.Testlayer.LoginTest -->
    </test> <!-- swaglabs -->
    <test started-at="2024-08-30T21:58:18 IST" name="swaglabstest" finished-at="2024-08-30T21:59:18 IST" duration-ms="60416">
      <class name="com.SwagLabs.Testlayer.Addtocarttest">
        <test-method is-config="true" signature="start()[pri:0, instance:com.SwagLabs.Testlayer.Addtocarttest@702657cc]" started-at="2024-08-30T21:58:18 IST" name="start" finished-at="2024-08-30T21:58:18 IST" duration-ms="2" status="PASS">
          <reporter-output>
          </reporter-output>
        </test-method> <!-- start -->
        <test-method is-config="true" signature="setup(java.lang.String)[pri:0, instance:com.SwagLabs.Testlayer.Addtocarttest@702657cc]" started-at="2024-08-30T21:58:18 IST" name="setup" finished-at="2024-08-30T21:58:20 IST" duration-ms="2437" status="PASS">
          <params>
            <param index="0">
              <value>
                <![CDATA[Chrome]]>
              </value>
            </param>
          </params>
          <reporter-output>
          </reporter-output>
        </test-method> <!-- setup -->
        <test-method signature="validateaddtocartfunctionalitywithpricelowtohigh()[pri:0, instance:com.SwagLabs.Testlayer.Addtocarttest@702657cc]" started-at="2024-08-30T21:58:20 IST" name="validateaddtocartfunctionalitywithpricelowtohigh" finished-at="2024-08-30T21:58:51 IST" duration-ms="30590" status="PASS">
          <reporter-output>
          </reporter-output>
        </test-method> <!-- validateaddtocartfunctionalitywithpricelowtohigh -->
        <test-method is-config="true" signature="close()[pri:0, instance:com.SwagLabs.Testlayer.Addtocarttest@702657cc]" started-at="2024-08-30T21:58:51 IST" name="close" finished-at="2024-08-30T21:58:51 IST" duration-ms="65" status="PASS">
          <reporter-output>
          </reporter-output>
        </test-method> <!-- close -->
        <test-method is-config="true" signature="setup(java.lang.String)[pri:0, instance:com.SwagLabs.Testlayer.Addtocarttest@702657cc]" started-at="2024-08-30T21:58:51 IST" name="setup" finished-at="2024-08-30T21:58:53 IST" duration-ms="1841" status="PASS">
          <params>
            <param index="0">
              <value>
                <![CDATA[Chrome]]>
              </value>
            </param>
          </params>
          <reporter-output>
          </reporter-output>
        </test-method> <!-- setup -->
        <test-method signature="validateaddtocarttest()[pri:0, instance:com.SwagLabs.Testlayer.Addtocarttest@702657cc]" started-at="2024-08-30T21:58:53 IST" name="validateaddtocarttest" finished-at="2024-08-30T21:59:18 IST" duration-ms="25377" status="PASS">
          <reporter-output>
          </reporter-output>
        </test-method> <!-- validateaddtocarttest -->
        <test-method is-config="true" signature="close()[pri:0, instance:com.SwagLabs.Testlayer.Addtocarttest@702657cc]" started-at="2024-08-30T21:59:18 IST" name="close" finished-at="2024-08-30T21:59:18 IST" duration-ms="100" status="PASS">
          <reporter-output>
          </reporter-output>
        </test-method> <!-- close -->
        <test-method is-config="true" signature="stop()[pri:0, instance:com.SwagLabs.Testlayer.Addtocarttest@702657cc]" started-at="2024-08-30T21:59:18 IST" name="stop" finished-at="2024-08-30T21:59:18 IST" duration-ms="0" status="PASS">
          <reporter-output>
          </reporter-output>
        </test-method> <!-- stop -->
      </class> <!-- com.SwagLabs.Testlayer.Addtocarttest -->
    </test> <!-- swaglabstest -->
  </suite> <!-- Suite -->
</testng-results>
