<?xml version="1.0" encoding="UTF-8"?>
<testng-results ignored="0" total="1" passed="1" failed="0" skipped="0">
  <reporter-output>
  </reporter-output>
  <suite started-at="2024-08-23T22:42:01 IST" name="Default suite" finished-at="2024-08-23T22:42:29 IST" duration-ms="28046">
    <groups>
    </groups>
    <test started-at="2024-08-23T22:42:01 IST" name="Default test" finished-at="2024-08-23T22:42:29 IST" duration-ms="28046">
      <class name="com.SwagLabs.Testlayer.Addtocarttest">
        <test-method is-config="true" signature="start()[pri:0, instance:com.SwagLabs.Testlayer.Addtocarttest@4c371370]" started-at="2024-08-23T22:42:01 IST" name="start" finished-at="2024-08-23T22:42:01 IST" duration-ms="103" status="PASS">
          <reporter-output>
          </reporter-output>
        </test-method> <!-- start -->
        <test-method is-config="true" signature="setup()[pri:0, instance:com.SwagLabs.Testlayer.Addtocarttest@4c371370]" started-at="2024-08-23T22:42:01 IST" name="setup" finished-at="2024-08-23T22:42:03 IST" duration-ms="2417" status="PASS">
          <reporter-output>
          </reporter-output>
        </test-method> <!-- setup -->
        <test-method signature="validateaddtocarttest()[pri:0, instance:com.SwagLabs.Testlayer.Addtocarttest@4c371370]" started-at="2024-08-23T22:42:03 IST" name="validateaddtocarttest" finished-at="2024-08-23T22:42:29 IST" duration-ms="25378" status="PASS">
          <reporter-output>
          </reporter-output>
        </test-method> <!-- validateaddtocarttest -->
        <test-method is-config="true" signature="close()[pri:0, instance:com.SwagLabs.Testlayer.Addtocarttest@4c371370]" started-at="2024-08-23T22:42:29 IST" name="close" finished-at="2024-08-23T22:42:29 IST" duration-ms="105" status="PASS">
          <reporter-output>
          </reporter-output>
        </test-method> <!-- close -->
        <test-method is-config="true" signature="stop()[pri:0, instance:com.SwagLabs.Testlayer.Addtocarttest@4c371370]" started-at="2024-08-23T22:42:29 IST" name="stop" finished-at="2024-08-23T22:42:29 IST" duration-ms="15" status="PASS">
          <reporter-output>
          </reporter-output>
        </test-method> <!-- stop -->
      </class> <!-- com.SwagLabs.Testlayer.Addtocarttest -->
    </test> <!-- Default test -->
  </suite> <!-- Default suite -->
</testng-results>
